<?xml version="1.0" encoding="UTF-8"?>
<testng-results skipped="0" failed="0" total="1" passed="1">
  <reporter-output>
  </reporter-output>
  <suite name="Default suite" duration-ms="9430" started-at="2018-05-17T10:28:23Z" finished-at="2018-05-17T10:28:32Z">
    <groups>
    </groups>
    <test name="Default test" duration-ms="9430" started-at="2018-05-17T10:28:23Z" finished-at="2018-05-17T10:28:32Z">
      <class name="screenshot.screenshot1">
        <test-method status="PASS" signature="catureScreenshot()[pri:0, instance:screenshot.screenshot1@198378d]" name="catureScreenshot" duration-ms="9417" started-at="2018-05-17T15:58:23Z" finished-at="2018-05-17T15:58:32Z">
          <reporter-output>
          </reporter-output>
        </test-method> <!-- catureScreenshot -->
      </class> <!-- screenshot.screenshot1 -->
    </test> <!-- Default test -->
  </suite> <!-- Default suite -->
</testng-results>
